<?xml version="1.0" encoding="UTF-8"?>
<!-- Generated by org.testng.reporters.JUnitReportReporter -->
<testsuite name="yhtTestNG02.yhtTestNG02.UserTestNG" tests="15" time="2.146" ignored="0" failures="0" timestamp="16 Jul 2020 12:01:53 GMT" skipped="0" hostname="juandeMacBook-Pro.local" errors="1">
  <testcase name="testmethod1" time="0.001" classname="yhtTestNG02.yhtTestNG02.UserTestNG"/>
  <testcase name="testmethod1" time="0.002" classname="yhtTestNG02.yhtTestNG02.UserTestNG"/>
  <testcase name="isUserExistTest" time="0.057" classname="yhtTestNG02.yhtTestNG02.UserTestNG"/>
  <testcase name="testmethod1" time="0.002" classname="yhtTestNG02.yhtTestNG02.UserTestNG"/>
  <testcase name="getThirdLoginCodeTest" time="0.420" classname="yhtTestNG02.yhtTestNG02.UserTestNG"/>
  <testcase name="generateAccessTokenWithScopeTest" time="0.055" classname="yhtTestNG02.yhtTestNG02.UserTestNG"/>
  <testcase name="isUserExistTest" time="0.067" classname="yhtTestNG02.yhtTestNG02.UserTestNG"/>
  <testcase name="simpleAddUsersTest" time="0.105" classname="yhtTestNG02.yhtTestNG02.UserTestNG"/>
  <testcase name="testmethod1" time="0.002" classname="yhtTestNG02.yhtTestNG02.UserTestNG"/>
  <testcase name="getLoginTokenByAccessTokenTest" time="0.030" classname="yhtTestNG02.yhtTestNG02.UserTestNG"/>
  <testcase name="generateAccessTokenTest" time="1.017" classname="yhtTestNG02.yhtTestNG02.UserTestNG"/>
  <testcase name="isUserExistTest" time="0.116" classname="yhtTestNG02.yhtTestNG02.UserTestNG"/>
  <testcase name="getUserByIdTest" time="0.165" classname="yhtTestNG02.yhtTestNG02.UserTestNG">
    <error type="net.sf.json.JSONException" message="JSONObject[&quot;userId&quot;] not found.">
      <![CDATA[net.sf.json.JSONException: JSONObject["userId"] not found.
	at net.sf.json.JSONObject.getString(JSONObject.java:2092)
	at yhtTestNG02.yhtTestNG02.UserTestNG.getUserByIdTest(UserTestNG.java:181)
	at sun.reflect.NativeMethodAccessorImpl.invoke0(Native Method)
	at sun.reflect.NativeMethodAccessorImpl.invoke(NativeMethodAccessorImpl.java:62)
	at sun.reflect.DelegatingMethodAccessorImpl.invoke(DelegatingMethodAccessorImpl.java:43)
	at java.lang.reflect.Method.invoke(Method.java:498)
	at org.testng.internal.MethodInvocationHelper.invokeMethod(MethodInvocationHelper.java:104)
	at org.testng.internal.Invoker.invokeMethod(Invoker.java:645)
	at org.testng.internal.Invoker.invokeTestMethod(Invoker.java:851)
	at org.testng.internal.Invoker.invokeTestMethods(Invoker.java:1177)
	at org.testng.internal.TestMethodWorker.invokeTestMethods(TestMethodWorker.java:129)
	at org.testng.internal.TestMethodWorker.run(TestMethodWorker.java:112)
	at org.testng.TestRunner.privateRun(TestRunner.java:756)
	at org.testng.TestRunner.run(TestRunner.java:610)
	at org.testng.SuiteRunner.runTest(SuiteRunner.java:387)
	at org.testng.SuiteRunner.runSequentially(SuiteRunner.java:382)
	at org.testng.SuiteRunner.privateRun(SuiteRunner.java:340)
	at org.testng.SuiteRunner.run(SuiteRunner.java:289)
	at org.testng.SuiteRunnerWorker.runSuite(SuiteRunnerWorker.java:52)
	at org.testng.SuiteRunnerWorker.run(SuiteRunnerWorker.java:86)
	at org.testng.TestNG.runSuitesSequentially(TestNG.java:1293)
	at org.testng.TestNG.runSuitesLocally(TestNG.java:1218)
	at org.testng.TestNG.runSuites(TestNG.java:1133)
	at org.testng.TestNG.run(TestNG.java:1104)
	at org.testng.remote.AbstractRemoteTestNG.run(AbstractRemoteTestNG.java:132)
	at org.testng.remote.RemoteTestNG.initAndRun(RemoteTestNG.java:236)
	at org.testng.remote.RemoteTestNG.main(RemoteTestNG.java:81)
]]>
    </error>
  </testcase> <!-- getUserByIdTest -->
  <testcase name="getUserByTokenTestdd" time="0.046" classname="yhtTestNG02.yhtTestNG02.UserTestNG"/>
  <testcase name="isUserExistTest" time="0.061" classname="yhtTestNG02.yhtTestNG02.UserTestNG"/>
</testsuite> <!-- yhtTestNG02.yhtTestNG02.UserTestNG -->
